<?xml version="1.0" encoding="UTF-8"?>
<testng-results skipped="0" failed="0" ignored="0" total="1" passed="1">
  <reporter-output>
  </reporter-output>
  <suite name="Default suite" duration-ms="5864" started-at="2019-05-22T05:26:33Z" finished-at="2019-05-22T05:26:39Z">
    <groups>
    </groups>
    <test name="Default test" duration-ms="5864" started-at="2019-05-22T05:26:33Z" finished-at="2019-05-22T05:26:39Z">
      <class name="TestPOSTDELGoogle">
        <test-method status="PASS" signature="getData()[pri:0, instance:TestPOSTDELGoogle@4cc0edeb]" name="getData" is-config="true" duration-ms="23" started-at="2019-05-22T05:26:33Z" finished-at="2019-05-22T05:26:33Z">
          <reporter-output>
          </reporter-output>
        </test-method> <!-- getData -->
        <test-method status="PASS" signature="addDelPlace()[pri:0, instance:TestPOSTDELGoogle@4cc0edeb]" name="addDelPlace" duration-ms="5793" started-at="2019-05-22T05:26:33Z" finished-at="2019-05-22T05:26:39Z">
          <reporter-output>
          </reporter-output>
        </test-method> <!-- addDelPlace -->
      </class> <!-- TestPOSTDELGoogle -->
    </test> <!-- Default test -->
  </suite> <!-- Default suite -->
</testng-results>
